    [mkdir] Created dir: C:\Users\Harsh\workspace\pro-ctcae\software\target\download

validate:pre:build:

clean:
   [delete] Deleting directory C:\Users\Harsh\workspace\pro-ctcae\software\target\temp

init:
     [echo]  ______   ______   _______ 
     [echo] (____  \ (______) (_______)
     [echo]  ____)  ) _     _  _______ 
     [echo] |  __  ( | |   | ||  ___  |
     [echo] | |__)  )| |__/ / | |   | |
     [echo] |______/ |_____/  |_|   |_|
    [mkdir] Created dir: C:\Users\Harsh\workspace\pro-ctcae\software\target\dist
    [mkdir] Created dir: C:\Users\Harsh\workspace\pro-ctcae\software\target\dist\exploded
    [mkdir] Created dir: C:\Users\Harsh\workspace\pro-ctcae\software\target\dist\exploded\proctcae-webapp
    [mkdir] Created dir: C:\Users\Harsh\workspace\pro-ctcae\software\target\dist\exploded\common
    [mkdir] Created dir: C:\Users\Harsh\workspace\pro-ctcae\software\target\dist\exploded\tools
    [mkdir] Created dir: C:\Users\Harsh\workspace\pro-ctcae\software\target\temp
    [mkdir] Created dir: C:\Users\Harsh\workspace\pro-ctcae\software\target\persistent-transient

build:proctcae-api:

build:proctcae:
Trying to override old definition of datatype antlib:org.apache.ivy.ant:settings
Trying to override old definition of task antlib:org.apache.ivy.ant:configure
Trying to override old definition of task antlib:org.apache.ivy.ant:resolve
Trying to override old definition of task antlib:org.apache.ivy.ant:retrieve
Trying to override old definition of task antlib:org.apache.ivy.ant:deliver
Trying to override old definition of task antlib:org.apache.ivy.ant:publish
Trying to override old definition of task antlib:org.apache.ivy.ant:extract
Trying to override old definition of task antlib:org.apache.ivy.ant:cachepath
Trying to override old definition of task antlib:org.apache.ivy.ant:cachefileset
Trying to override old definition of task antlib:org.apache.ivy.ant:report
Trying to override old definition of task antlib:org.apache.ivy.ant:repreport
Trying to override old definition of task antlib:org.apache.ivy.ant:var
Trying to override old definition of task antlib:org.apache.ivy.ant:check
Trying to override old definition of task antlib:org.apache.ivy.ant:artifactproperty
Trying to override old definition of task antlib:org.apache.ivy.ant:buildlist
Trying to override old definition of task antlib:org.apache.ivy.ant:install
Trying to override old definition of task antlib:org.apache.ivy.ant:convertpom
Trying to override old definition of task antlib:org.apache.ivy.ant:makepom
Trying to override old definition of task antlib:org.apache.ivy.ant:artifactreport
Trying to override old definition of task antlib:org.apache.ivy.ant:info
Trying to override old definition of task antlib:org.apache.ivy.ant:addpath
Trying to override old definition of task antlib:org.apache.ivy.ant:listmodules
Trying to override old definition of task antlib:org.apache.ivy.ant:findrevision
Trying to override old definition of task antlib:org.apache.ivy.ant:buildnumber
Trying to override old definition of task antlib:org.apache.ivy.ant:cleancache

download-ivy:

download-jsch:

load-online-settings:
     [echo] Going for online settings

load-offline-settings:

load-ivy:

buildlist:
[ivy:buildlist] :: Ivy 2.1.0-rc2 - 20090704004254 :: http://ant.apache.org/ivy/ ::
[ivy:buildlist] :: loading settings :: file = C:\Users\Harsh\workspace\pro-ctcae\software\ivysettings.xml
     [echo] buildList : ${build-path}

clean-pmd:

clean-all:

BUILD FAILED

C:\Users\Harsh\workspace\pro-ctcae\software\build\build.xml:261: The following error occurred while executing this line:
C:\Users\Harsh\workspace\pro-ctcae\software\build.xml:55: The following error occurred while executing this line:
C:\Users\Harsh\workspace\pro-ctcae\software\commons\ivy-build.xml:5: Cannot find C:\Users\Harsh\workspace\pro-ctcae\software/../common.xml imported from C:\Users\Harsh\workspace\pro-ctcae\software\commons\ivy-build.xml
	at org.apache.tools.ant.ProjectHelper.addLocationToBuildException(ProjectHelper.java:508)
	at org.apache.tools.ant.taskdefs.Ant.execute(Ant.java:418)
	at org.apache.tools.ant.UnknownElement.execute(UnknownElement.java:288)
	at sun.reflect.GeneratedMethodAccessor9.invoke(Unknown Source)
	at sun.reflect.DelegatingMethodAccessorImpl.invoke(DelegatingMethodAccessorImpl.java:25)
	at java.lang.reflect.Method.invoke(Method.java:585)
	at org.apache.tools.ant.dispatch.DispatchUtils.execute(DispatchUtils.java:106)
	at org.apache.tools.ant.Task.perform(Task.java:348)
	at org.apache.tools.ant.Target.execute(Target.java:357)
	at org.apache.tools.ant.Target.performTasks(Target.java:385)
	at org.apache.tools.ant.Project.executeSortedTargets(Project.java:1337)
	at org.apache.tools.ant.Project.executeTarget(Project.java:1306)
	at org.apache.tools.ant.helper.DefaultExecutor.executeTargets(DefaultExecutor.java:41)
	at org.apache.tools.ant.Project.executeTargets(Project.java:1189)
	at org.apache.tools.ant.Main.runBuild(Main.java:758)
	at org.apache.tools.ant.Main.startAnt(Main.java:217)
	at org.apache.tools.ant.launch.Launcher.run(Launcher.java:257)
	at org.apache.tools.ant.launch.Launcher.main(Launcher.java:104)
Caused by: C:\Users\Harsh\workspace\pro-ctcae\software\build.xml:55: The following error occurred while executing this line:
C:\Users\Harsh\workspace\pro-ctcae\software\commons\ivy-build.xml:5: Cannot find C:\Users\Harsh\workspace\pro-ctcae\software/../common.xml imported from C:\Users\Harsh\workspace\pro-ctcae\software\commons\ivy-build.xml
	at org.apache.tools.ant.ProjectHelper.addLocationToBuildException(ProjectHelper.java:508)
	at org.apache.tools.ant.taskdefs.Ant.execute(Ant.java:369)
	at org.apache.tools.ant.taskdefs.SubAnt.execute(SubAnt.java:289)
	at org.apache.tools.ant.taskdefs.SubAnt.execute(SubAnt.java:208)
	at org.apache.tools.ant.UnknownElement.execute(UnknownElement.java:288)
	at sun.reflect.NativeMethodAccessorImpl.invoke0(Native Method)
	at sun.reflect.NativeMethodAccessorImpl.invoke(NativeMethodAccessorImpl.java:39)
	at sun.reflect.DelegatingMethodAccessorImpl.invoke(DelegatingMethodAccessorImpl.java:25)
	at java.lang.reflect.Method.invoke(Method.java:585)
	at org.apache.tools.ant.dispatch.DispatchUtils.execute(DispatchUtils.java:106)
	at org.apache.tools.ant.Task.perform(Task.java:348)
	at org.apache.tools.ant.Target.execute(Target.java:357)
	at org.apache.tools.ant.Target.performTasks(Target.java:385)
	at org.apache.tools.ant.Project.executeSortedTargets(Project.java:1337)
	at org.apache.tools.ant.helper.SingleCheckExecutor.executeTargets(SingleCheckExecutor.java:38)
	at org.apache.tools.ant.Project.executeTargets(Project.java:1189)
	at org.apache.tools.ant.taskdefs.Ant.execute(Ant.java:416)
	... 16 more
Caused by: C:\Users\Harsh\workspace\pro-ctcae\software\commons\ivy-build.xml:5: Cannot find C:\Users\Harsh\workspace\pro-ctcae\software/../common.xml imported from C:\Users\Harsh\workspace\pro-ctcae\software\commons\ivy-build.xml
	at org.apache.tools.ant.taskdefs.ImportTask.execute(ImportTask.java:134)
	at org.apache.tools.ant.UnknownElement.execute(UnknownElement.java:288)
	at sun.reflect.NativeMethodAccessorImpl.invoke0(Native Method)
	at sun.reflect.NativeMethodAccessorImpl.invoke(NativeMethodAccessorImpl.java:39)
	at sun.reflect.DelegatingMethodAccessorImpl.invoke(DelegatingMethodAccessorImpl.java:25)
	at java.lang.reflect.Method.invoke(Method.java:585)
	at org.apache.tools.ant.dispatch.DispatchUtils.execute(DispatchUtils.java:106)
	at org.apache.tools.ant.Task.perform(Task.java:348)
	at org.apache.tools.ant.Target.execute(Target.java:357)
	at org.apache.tools.ant.helper.ProjectHelper2.parse(ProjectHelper2.java:142)
	at org.apache.tools.ant.ProjectHelper.configureProject(ProjectHelper.java:93)
	at org.apache.tools.ant.taskdefs.Ant.execute(Ant.java:367)
	... 31 more
--- Nested Exception ---
C:\Users\Harsh\workspace\pro-ctcae\software\build.xml:55: The following error occurred while executing this line:
C:\Users\Harsh\workspace\pro-ctcae\software\commons\ivy-build.xml:5: Cannot find C:\Users\Harsh\workspace\pro-ctcae\software/../common.xml imported from C:\Users\Harsh\workspace\pro-ctcae\software\commons\ivy-build.xml
	at org.apache.tools.ant.ProjectHelper.addLocationToBuildException(ProjectHelper.java:508)
	at org.apache.tools.ant.taskdefs.Ant.execute(Ant.java:369)
	at org.apache.tools.ant.taskdefs.SubAnt.execute(SubAnt.java:289)
	at org.apache.tools.ant.taskdefs.SubAnt.execute(SubAnt.java:208)
	at org.apache.tools.ant.UnknownElement.execute(UnknownElement.java:288)
	at sun.reflect.NativeMethodAccessorImpl.invoke0(Native Method)
	at sun.reflect.NativeMethodAccessorImpl.invoke(NativeMethodAccessorImpl.java:39)
	at sun.reflect.DelegatingMethodAccessorImpl.invoke(DelegatingMethodAccessorImpl.java:25)
	at java.lang.reflect.Method.invoke(Method.java:585)
	at org.apache.tools.ant.dispatch.DispatchUtils.execute(DispatchUtils.java:106)
	at org.apache.tools.ant.Task.perform(Task.java:348)
	at org.apache.tools.ant.Target.execute(Target.java:357)
	at org.apache.tools.ant.Target.performTasks(Target.java:385)
	at org.apache.tools.ant.Project.executeSortedTargets(Project.java:1337)
	at org.apache.tools.ant.helper.SingleCheckExecutor.executeTargets(SingleCheckExecutor.java:38)
	at org.apache.tools.ant.Project.executeTargets(Project.java:1189)
	at org.apache.tools.ant.taskdefs.Ant.execute(Ant.java:416)
	at org.apache.tools.ant.UnknownElement.execute(UnknownElement.java:288)
	at sun.reflect.GeneratedMethodAccessor9.invoke(Unknown Source)
	at sun.reflect.DelegatingMethodAccessorImpl.invoke(DelegatingMethodAccessorImpl.java:25)
	at java.lang.reflect.Method.invoke(Method.java:585)
	at org.apache.tools.ant.dispatch.DispatchUtils.execute(DispatchUtils.java:106)
	at org.apache.tools.ant.Task.perform(Task.java:348)
	at org.apache.tools.ant.Target.execute(Target.java:357)
	at org.apache.tools.ant.Target.performTasks(Target.java:385)
	at org.apache.tools.ant.Project.executeSortedTargets(Project.java:1337)
	at org.apache.tools.ant.Project.executeTarget(Project.java:1306)
	at org.apache.tools.ant.helper.DefaultExecutor.executeTargets(DefaultExecutor.java:41)
	at org.apache.tools.ant.Project.executeTargets(Project.java:1189)
	at org.apache.tools.ant.Main.runBuild(Main.java:758)
	at org.apache.tools.ant.Main.startAnt(Main.java:217)
	at org.apache.tools.ant.launch.Launcher.run(Launcher.java:257)
	at org.apache.tools.ant.launch.Launcher.main(Launcher.java:104)
Caused by: C:\Users\Harsh\workspace\pro-ctcae\software\commons\ivy-build.xml:5: Cannot find C:\Users\Harsh\workspace\pro-ctcae\software/../common.xml imported from C:\Users\Harsh\workspace\pro-ctcae\software\commons\ivy-build.xml
	at org.apache.tools.ant.taskdefs.ImportTask.execute(ImportTask.java:134)
	at org.apache.tools.ant.UnknownElement.execute(UnknownElement.java:288)
	at sun.reflect.NativeMethodAccessorImpl.invoke0(Native Method)
	at sun.reflect.NativeMethodAccessorImpl.invoke(NativeMethodAccessorImpl.java:39)
	at sun.reflect.DelegatingMethodAccessorImpl.invoke(DelegatingMethodAccessorImpl.java:25)
	at java.lang.reflect.Method.invoke(Method.java:585)
	at org.apache.tools.ant.dispatch.DispatchUtils.execute(DispatchUtils.java:106)
	at org.apache.tools.ant.Task.perform(Task.java:348)
	at org.apache.tools.ant.Target.execute(Target.java:357)
	at org.apache.tools.ant.helper.ProjectHelper2.parse(ProjectHelper2.java:142)
	at org.apache.tools.ant.ProjectHelper.configureProject(ProjectHelper.java:93)
	at org.apache.tools.ant.taskdefs.Ant.execute(Ant.java:367)
	... 31 more
--- Nested Exception ---
C:\Users\Harsh\workspace\pro-ctcae\software\commons\ivy-build.xml:5: Cannot find C:\Users\Harsh\workspace\pro-ctcae\software/../common.xml imported from C:\Users\Harsh\workspace\pro-ctcae\software\commons\ivy-build.xml
	at org.apache.tools.ant.taskdefs.ImportTask.execute(ImportTask.java:134)
	at org.apache.tools.ant.UnknownElement.execute(UnknownElement.java:288)
	at sun.reflect.NativeMethodAccessorImpl.invoke0(Native Method)
	at sun.reflect.NativeMethodAccessorImpl.invoke(NativeMethodAccessorImpl.java:39)
	at sun.reflect.DelegatingMethodAccessorImpl.invoke(DelegatingMethodAccessorImpl.java:25)
	at java.lang.reflect.Method.invoke(Method.java:585)
	at org.apache.tools.ant.dispatch.DispatchUtils.execute(DispatchUtils.java:106)
	at org.apache.tools.ant.Task.perform(Task.java:348)
	at org.apache.tools.ant.Target.execute(Target.java:357)
	at org.apache.tools.ant.helper.ProjectHelper2.parse(ProjectHelper2.java:142)
	at org.apache.tools.ant.ProjectHelper.configureProject(ProjectHelper.java:93)
	at org.apache.tools.ant.taskdefs.Ant.execute(Ant.java:367)
	at org.apache.tools.ant.taskdefs.SubAnt.execute(SubAnt.java:289)
	at org.apache.tools.ant.taskdefs.SubAnt.execute(SubAnt.java:208)
	at org.apache.tools.ant.UnknownElement.execute(UnknownElement.java:288)
	at sun.reflect.NativeMethodAccessorImpl.invoke0(Native Method)
	at sun.reflect.NativeMethodAccessorImpl.invoke(NativeMethodAccessorImpl.java:39)
	at sun.reflect.DelegatingMethodAccessorImpl.invoke(DelegatingMethodAccessorImpl.java:25)
	at java.lang.reflect.Method.invoke(Method.java:585)
	at org.apache.tools.ant.dispatch.DispatchUtils.execute(DispatchUtils.java:106)
	at org.apache.tools.ant.Task.perform(Task.java:348)
	at org.apache.tools.ant.Target.execute(Target.java:357)
	at org.apache.tools.ant.Target.performTasks(Target.java:385)
	at org.apache.tools.ant.Project.executeSortedTargets(Project.java:1337)
	at org.apache.tools.ant.helper.SingleCheckExecutor.executeTargets(SingleCheckExecutor.java:38)
	at org.apache.tools.ant.Project.executeTargets(Project.java:1189)
	at org.apache.tools.ant.taskdefs.Ant.execute(Ant.java:416)
	at org.apache.tools.ant.UnknownElement.execute(UnknownElement.java:288)
	at sun.reflect.GeneratedMethodAccessor9.invoke(Unknown Source)
	at sun.reflect.DelegatingMethodAccessorImpl.invoke(DelegatingMethodAccessorImpl.java:25)
	at java.lang.reflect.Method.invoke(Method.java:585)
	at org.apache.tools.ant.dispatch.DispatchUtils.execute(DispatchUtils.java:106)
	at org.apache.tools.ant.Task.perform(Task.java:348)
	at org.apache.tools.ant.Target.execute(Target.java:357)
	at org.apache.tools.ant.Target.performTasks(Target.java:385)
	at org.apache.tools.ant.Project.executeSortedTargets(Project.java:1337)
	at org.apache.tools.ant.Project.executeTarget(Project.java:1306)
	at org.apache.tools.ant.helper.DefaultExecutor.executeTargets(DefaultExecutor.java:41)
	at org.apache.tools.ant.Project.executeTargets(Project.java:1189)
	at org.apache.tools.ant.Main.runBuild(Main.java:758)
	at org.apache.tools.ant.Main.startAnt(Main.java:217)
	at org.apache.tools.ant.launch.Launcher.run(Launcher.java:257)
	at org.apache.tools.ant.launch.Launcher.main(Launcher.java:104)
