
common:init:pre:
     [echo] application.base.path=c:/apps/proctcae-webapp

common:tomcat:init:

common:init:
[echoproperties] #Ant properties
#Tue Dec 22 16:35:17 EST 2009
database.name=ctcae
database.password=ctcae
database.port=5432
database.re-create=false
database.release.version=1.1
database.server=localhost
database.system.password=postgres
database.system.url=jdbc\:postgresql\://localhost\:5432
database.system.user=postgres
database.type=postgresql
database.url=jdbc\:postgresql\://localhost\:5432/ctcae
database.user=ctcae
     [copy] Copying 5 files to C:\Users\Harsh\workspace\pro-ctcae\software\target\dist\exploded\working\common

install:common:validation:pre-install:
[echoproperties] #Ant properties
#Tue Dec 22 16:35:18 EST 2009
DSTAMP=20091222
TODAY=December 22 2009
TSTAMP=1635
ant.core.lib=C\:\\Users\\Harsh\\Software\\apache-ant-1.7.1\\lib\\ant.jar
ant.file=C\:\\Users\\Harsh\\workspace\\pro-ctcae\\software\\target\\dist\\exploded\\build.xml
ant.file.bda-utils=C\:\\Users\\Harsh\\workspace\\pro-ctcae\\software\\target\\dist\\exploded\\bda-utils\\bda-build-utils-1.5.2.xml
ant.file.proctcae-installer=C\:\\Users\\Harsh\\workspace\\pro-ctcae\\software\\target\\dist\\exploded\\build.xml
ant.home=C\:\\Users\\Harsh\\Software\\apache-ant-1.7.1
ant.java.version=1.5
ant.library.dir=C\:\\Users\\Harsh\\Software\\apache-ant-1.7.1\\lib
ant.minimum.version=1.7.0
ant.project.name=proctcae-installer
ant.version=Apache Ant version 1.7.1 compiled on June 27 2008
antunit.jar=antunit-1.0.jar
application.base.path=c\:/apps/proctcae-webapp
application.base.path.linux=C\:\\Users\\Harsh/apps/proctcae-webapp
application.base.path.windows=c\:/apps/proctcae-webapp
application.context.name=bda
authentication.type=db
awt.toolkit=sun.awt.windows.WToolkit
basedir=C\:\\Users\\Harsh\\workspace\\pro-ctcae\\software\\target\\dist\\exploded
bda-utils.dir=C\:\\Users\\Harsh\\workspace\\pro-ctcae\\software\\target\\dist\\exploded\\bda-utils
bda-utils.resource.dir=C\:\\Users\\Harsh\\workspace\\pro-ctcae\\software\\target\\dist\\exploded\\bda-utils\\resource
bda.version=1.5.2
build.bda.src.url=http\://gforge.nci.nih.gov/svnroot/automation/trunk/software/bda-download/bda-ivy-build.xml
cacore-sdk.binaries.file=caCORE_SDK_411-src.zip
cacore-sdk.binaries.relative.dir=codegen
cacore-sdk.required=false
cacore-sdk.src.url=http\://gforge.nci.nih.gov/svnroot/commonlibrary/trunk/cacore-sdk/4.1.1/caCORE_SDK_411-src.zip
checkstyle.revision.number=0
common.dir.dest=C\:\\Users\\Harsh\\workspace\\pro-ctcae\\software\\target\\dist\\exploded\\working\\common
common.dir.src=C\:\\Users\\Harsh\\workspace\\pro-ctcae\\software\\target\\dist\\exploded\\common
common.dist.relative.dir=common
database.dialect=org.hibernate.dialect.PostgreSQLDialect
database.driver=org.postgresql.Driver
database.driver.file=C\:\\Users\\Harsh\\workspace\\pro-ctcae\\software\\target\\dist\\exploded\\bda-utils/postgresql-jdbc3-8.3-603.jar
database.name=ctcae
database.password=ctcae
database.port=5432
database.re-create=false
database.release.version=1.1
database.schema=public
database.server=localhost
database.system.password=postgres
database.system.url=jdbc\:postgresql\://localhost\:5432
database.system.user=postgres
database.type=postgresql
database.url=jdbc\:postgresql\://localhost\:5432/ctcae
database.user=ctcae
db-install.dir.dest=C\:\\Users\\Harsh\\workspace\\pro-ctcae\\software\\target\\dist\\exploded\\working\\db\\db-install
db-install.dist.relative.dir=db/db-install
db-upgrade.dir.dest=C\:\\Users\\Harsh\\workspace\\pro-ctcae\\software\\target\\dist\\exploded\\working\\db\\db-upgrade
db-upgrade.dist.relative.dir=db/db-upgrade
db.dir.dest=C\:\\Users\\Harsh\\workspace\\pro-ctcae\\software\\target\\dist\\exploded\\working\\db
db.dir.src=C\:\\Users\\Harsh\\workspace\\pro-ctcae\\software\\target\\dist\\exploded\\db
db.dist.relative.dir=db
db.install.create.mysql.file.list=create-tables.sql,insert-data.sql
db.install.create.oracle.file.list=
db.install.create.postgresql.file.list=
env.ALLUSERSPROFILE=C\:\\ProgramData
env.ANT_CMD_LINE_ARGS=-Dproperties.file install.properties -Dforce.reinstall true install
env.ANT_HOME=C\:\\Users\\Harsh\\Software\\apache-ant-1.7.1
env.APPDATA=C\:\\Users\\Harsh\\AppData\\Roaming
env.APR_ICONV_PATH=C\:\\Program Files\\Subversion\\iconv
env.COMPUTERNAME=HARSH-PC
env.ComSpec=C\:\\Windows\\system32\\cmd.exe
env.CommonProgramFiles=C\:\\Program Files\\Common Files
env.DFSTRACINGON=FALSE
env.FP_NO_HOST_CHECK=NO
env.HOMEDRIVE=C\:
env.HOMEPATH=\\Users\\Harsh
env.JAVA_HOME=C\:\\Program Files\\Java\\jdk1.5.0_16
env.LOCALAPPDATA=C\:\\Users\\Harsh\\AppData\\Local
env.LOGONSERVER=\\\\HARSH-PC
env.NUMBER_OF_PROCESSORS=2
env.ODI_JAVA_HOME=C\:\\OraHome\\jre\\1.4.2
env.ORACLE_HOME=C\:\\oraclexe\\app\\oracle\\product\\10.2.0\\server
env.ORACLE_SID=XE
env.OS=Windows_NT
env.PATHEXT=.COM;.EXE;.BAT;.CMD;.VBS;.VBE;.JS;.JSE;.WSF;.WSH;.MSC
env.PROCESSOR_ARCHITECTURE=x86
env.PROCESSOR_IDENTIFIER=x86 Family 6 Model 15 Stepping 13, GenuineIntel
env.PROCESSOR_LEVEL=6
env.PROCESSOR_REVISION=0f0d
env.PROMPT=$P$G
env.PUBLIC=C\:\\Users\\Public
env.Path=C\:\\oraclexe\\app\\oracle\\product\\10.2.0\\server\\bin;C\:\\OracleBAM\\ClientForBAM\\bin;C\:\\OracleSOASuite\\bin;C\:\\Windows\\system32;C\:\\Windows;C\:\\Windows\\System32\\Wbem;C\:\\PROGRA~1\\COMMON~1\\ULEADS~1\\MPEG;C\:\\Program Files\\TortoiseSVN\\bin;C\:\\Program Files\\MySQL\\MySQL Server 5.0\\bin;c\:\\Program Files\\Microsoft SQL Server\\90\\Tools\\binn\\;C\:\\OracleBAM\\BAM;C\:\\Program Files\\Subversion\\bin;C\:\\Users\\Harsh\\Software\\apache-ant-1.7.1/bin;C\:\\Program Files\\Java\\jdk1.5.0_16/bin
env.ProgramData=C\:\\ProgramData
env.ProgramFiles=C\:\\Program Files
env.S=C\:\\Oracle\\Middleware\\user_projects\\domains\\soa_domain\\bin
env.SESSIONNAME=Console
env.SystemDrive=C\:
env.SystemRoot=C\:\\Windows
env.TEMP=C\:\\Temp
env.TMP=C\:\\Temp
env.TRACE_FORMAT_SEARCH_PATH=\\\\NTREL202.ntdev.corp.microsoft.com\\4F18C3A5-CA09-4DBD-B6FC-219FDD4C6BE0\\TraceFormat
env.USERDOMAIN=Harsh-PC
env.USERNAME=Harsh
env.USERPROFILE=C\:\\Users\\Harsh
env._JAVACMD=C\:\\Program Files\\Java\\jdk1.5.0_16\\bin\\java.exe
env._USE_CLASSPATH=no
env.name=local
env.windir=C\:\\Windows
exclude.access-logs=true
exclude.tomcat.backup=true
file.encoding=Cp1252
file.encoding.pkg=sun.io
file.separator=\\
findbugs.binaries.file=findbugs-1.3.4.zip
findbugs.binaries.relative.dir=findbugs-1.3.4
findbugs.src.url=http\://gforge.nci.nih.gov/svnroot/commonlibrary/trunk/other/os-independent/findbugs-1.3.4.zip
force.reinstall=true
fs-data.base.dir=
install-logs.dir=C\:\\Users\\Harsh\\workspace\\pro-ctcae\\software\\target\\dist\\exploded\\logs
install.running=true
install.time=2009-12-22-16-35
ivy.bda.settings.src.url=http\://gforge.nci.nih.gov/svnroot/automation/trunk/software/bda-download/ivy-bda-settings.xml
ivy.bda.src.url=http\://gforge.nci.nih.gov/svnroot/automation/trunk/software/bda-download/ivy-bda.xml 
java.awt.graphicsenv=sun.awt.Win32GraphicsEnvironment
java.awt.printerjob=sun.awt.windows.WPrinterJob
java.class.path=C\:\\Users\\Harsh\\Software\\apache-ant-1.7.1\\lib\\ant-launcher.jar;C\:\\Users\\Harsh\\Software\\apache-ant-1.7.1\\lib\\ant-antlr.jar;C\:\\Users\\Harsh\\Software\\apache-ant-1.7.1\\lib\\ant-apache-bcel.jar;C\:\\Users\\Harsh\\Software\\apache-ant-1.7.1\\lib\\ant-apache-bsf.jar;C\:\\Users\\Harsh\\Software\\apache-ant-1.7.1\\lib\\ant-apache-log4j.jar;C\:\\Users\\Harsh\\Software\\apache-ant-1.7.1\\lib\\ant-apache-oro.jar;C\:\\Users\\Harsh\\Software\\apache-ant-1.7.1\\lib\\ant-apache-regexp.jar;C\:\\Users\\Harsh\\Software\\apache-ant-1.7.1\\lib\\ant-apache-resolver.jar;C\:\\Users\\Harsh\\Software\\apache-ant-1.7.1\\lib\\ant-commons-logging.jar;C\:\\Users\\Harsh\\Software\\apache-ant-1.7.1\\lib\\ant-commons-net.jar;C\:\\Users\\Harsh\\Software\\apache-ant-1.7.1\\lib\\ant-jai.jar;C\:\\Users\\Harsh\\Software\\apache-ant-1.7.1\\lib\\ant-javamail.jar;C\:\\Users\\Harsh\\Software\\apache-ant-1.7.1\\lib\\ant-jdepend.jar;C\:\\Users\\Harsh\\Software\\apache-ant-1.7.1\\lib\\ant-jmf.jar;C\:\\Users\\Harsh\\Software\\apache-ant-1.7.1\\lib\\ant-jsch.jar;C\:\\Users\\Harsh\\Software\\apache-ant-1.7.1\\lib\\ant-junit.jar;C\:\\Users\\Harsh\\Software\\apache-ant-1.7.1\\lib\\ant-launcher.jar;C\:\\Users\\Harsh\\Software\\apache-ant-1.7.1\\lib\\ant-netrexx.jar;C\:\\Users\\Harsh\\Software\\apache-ant-1.7.1\\lib\\ant-nodeps.jar;C\:\\Users\\Harsh\\Software\\apache-ant-1.7.1\\lib\\ant-starteam.jar;C\:\\Users\\Harsh\\Software\\apache-ant-1.7.1\\lib\\ant-stylebook.jar;C\:\\Users\\Harsh\\Software\\apache-ant-1.7.1\\lib\\ant-swing.jar;C\:\\Users\\Harsh\\Software\\apache-ant-1.7.1\\lib\\ant-testutil.jar;C\:\\Users\\Harsh\\Software\\apache-ant-1.7.1\\lib\\ant-trax.jar;C\:\\Users\\Harsh\\Software\\apache-ant-1.7.1\\lib\\ant-weblogic.jar;C\:\\Users\\Harsh\\Software\\apache-ant-1.7.1\\lib\\ant.jar;C\:\\Users\\Harsh\\Software\\apache-ant-1.7.1\\lib\\xercesImpl.jar;C\:\\Users\\Harsh\\Software\\apache-ant-1.7.1\\lib\\xml-apis.jar;C\:\\Program Files\\Java\\jdk1.5.0_16\\lib\\tools.jar
java.class.version=49.0
java.endorsed.dirs=C\:\\Program Files\\Java\\jdk1.5.0_16\\jre\\lib\\endorsed
java.ext.dirs=C\:\\Program Files\\Java\\jdk1.5.0_16\\jre\\lib\\ext
java.home=C\:\\Program Files\\Java\\jdk1.5.0_16\\jre
java.io.tmpdir=C\:\\Temp\\
java.library.path=C\:\\Program Files\\Java\\jdk1.5.0_16\\bin;.;C\:\\Windows\\system32;C\:\\Windows;C\:\\oraclexe\\app\\oracle\\product\\10.2.0\\server\\bin;C\:\\OracleBAM\\ClientForBAM\\bin;C\:\\OracleSOASuite\\bin;C\:\\Windows\\system32;C\:\\Windows;C\:\\Windows\\System32\\Wbem;C\:\\PROGRA~1\\COMMON~1\\ULEADS~1\\MPEG;C\:\\Program Files\\TortoiseSVN\\bin;C\:\\Program Files\\MySQL\\MySQL Server 5.0\\bin;c\:\\Program Files\\Microsoft SQL Server\\90\\Tools\\binn\\;C\:\\OracleBAM\\BAM;C\:\\Program Files\\Subversion\\bin;C\:\\Users\\Harsh\\Software\\apache-ant-1.7.1/bin;C\:\\Program Files\\Java\\jdk1.5.0_16/bin
java.major.version=1.5
java.minor.version=1.5.0_21
java.runtime.name=Java(TM) 2 Runtime Environment, Standard Edition
java.runtime.version=1.5.0_16-b02
java.specification.name=Java Platform API Specification
java.specification.vendor=Sun Microsystems Inc.
java.specification.version=1.5
java.vendor=Sun Microsystems Inc.
java.vendor.url=http\://java.sun.com/
java.vendor.url.bug=http\://java.sun.com/cgi-bin/bugreport.cgi
java.version=1.5.0_16
java.vm.info=mixed mode
java.vm.name=Java HotSpot(TM) Client VM
java.vm.specification.name=Java Virtual Machine Specification
java.vm.specification.vendor=Sun Microsystems Inc.
java.vm.specification.version=1.0
java.vm.vendor=Sun Microsystems Inc.
java.vm.version=1.5.0_16-b02
jboss.home=c\:/apps/proctcae-webapp/${jboss.relative.path}
jboss.version.max=5.1.999
jboss.version.min=4.0.4
ldap.basedn=ou\=nci,o\=nih
ldap.url=ldaps\://ncids4a.nci.nih.gov\:636
line.separator=\r\n
log.dir=C\:\\Users\\Harsh\\workspace\\pro-ctcae\\software\\target\\dist\\exploded\\logs
log4j.level=WARN
log4j.maxDays=7
log4j.maxFileSize=100MB
mail.smtp.server=smtp.gmail.com
mysql.lowercasetablenames=true
mysql.minimum.version=5.0.27
os.arch=x86
os.name=Windows Vista
os.temp.dir=c\:/temp/proctcae
os.version=6.0
path.separator=;
pmd.revision.number=0
proctcae-api.dist.relative.dir=proctcae-api
proctcae-templates.dir.dist=C\:\\Users\\Harsh\\workspace\\pro-ctcae\\software\\target\\dist\\exploded\\proctcae-templates
proctcae-templates.dist.relative.dir=proctcae-templates
proctcae-webapp.dir.dist=C\:\\Users\\Harsh\\workspace\\pro-ctcae\\software\\target\\dist\\exploded\\proctcae-webapp
proctcae-webapp.dist.relative.dir=proctcae-webapp
proctcae-webapp.ds.file=proctcae-ds.xml
proctcae-webapp.install.name=proctcae_install
proctcae-webapp.install.zip.file=proctcae_install_0.1.0.zip
proctcae-webapp.name=proctcae
proctcae-webapp.upgrade.name=proctcae_ugprade
proctcae-webapp.upgrade.zip.file=proctcae_ugprade_0.1.0.zip
proctcae-webapp.version=0.1.0
proctcae-webapp.war.file=proctcae.war
project.name=proctcae
properties.file=install.properties
properties.file.exists=true
properties.template.file=C\:\\Users\\Harsh\\workspace\\pro-ctcae\\software\\target\\dist\\exploded/properties.template
require.build.wscore=false
run.date=0912221635
security.dist.relative.dir=common/resources/security
software.dir=C\:\\Users\\Harsh\\workspace\\pro-ctcae\\software\\target\\dist\\exploded
sun.arch.data.model=32
sun.boot.class.path=C\:\\Program Files\\Java\\jdk1.5.0_16\\jre\\lib\\rt.jar;C\:\\Program Files\\Java\\jdk1.5.0_16\\jre\\lib\\i18n.jar;C\:\\Program Files\\Java\\jdk1.5.0_16\\jre\\lib\\sunrsasign.jar;C\:\\Program Files\\Java\\jdk1.5.0_16\\jre\\lib\\jsse.jar;C\:\\Program Files\\Java\\jdk1.5.0_16\\jre\\lib\\jce.jar;C\:\\Program Files\\Java\\jdk1.5.0_16\\jre\\lib\\charsets.jar;C\:\\Program Files\\Java\\jdk1.5.0_16\\jre\\classes
sun.boot.library.path=C\:\\Program Files\\Java\\jdk1.5.0_16\\jre\\bin
sun.cpu.endian=little
sun.cpu.isalist=pentium_pro+mmx pentium_pro pentium+mmx pentium i486 i386 i86
sun.desktop=windows
sun.io.unicode.encoding=UnicodeLittle
sun.java.launcher=SUN_STANDARD
sun.jnu.encoding=Cp1252
sun.management.compiler=HotSpot Client Compiler
sun.os.patch.level=Service Pack 2
sync-gts.binaries.file=gaards-syncgts-1.3-bin.zip
sync-gts.binaries.relative.dir=.
sync-gts.dist.relative.dir=sync-gts
temp.dir=C\:\\Users\\Harsh\\workspace\\pro-ctcae\\software\\target\\dist\\exploded\\working\\temp
template.dbintegrate.file=C\:\\Users\\Harsh\\workspace\\pro-ctcae\\software\\target\\dist\\exploded\\bda-utils\\resource\\template-db-integrate.xml
tomcat.application.url=http\://localhost\:22080/proctcae
tomcat.binaries.file=apache-tomcat-5.5.27.zip
tomcat.binaries.relative.dir=apache-tomcat-5.5.27
tomcat.external.http.host=
tomcat.external.http.port=
tomcat.external.ssl.host=
tomcat.external.ssl.port=
tomcat.grid.secure.cert.file=${tomcat.grid.secure.cert.location}
tomcat.grid.secure.dir=C\:\\Users\\Harsh\\workspace\\pro-ctcae\\software\\target\\dist\\exploded
tomcat.grid.secure.key.file=${tomcat.grid.secure.key.location}
tomcat.home=c\:/apps/proctcae-webapp/apache-tomcat-5.5.27
tomcat.hostname=localhost
tomcat.port.ajp=22009
tomcat.port.http=22080
tomcat.port.shutdown=22005
tomcat.port.ssl=22443
tomcat.relative.path=apache-tomcat-5.5.27
tomcat.sock.ports=22080,22009,22005
tomcat.src.url=http\://gforge.nci.nih.gov/svnroot/commonlibrary/trunk/techstack/approved-exception/apache-tomcat-5.5.27.zip
tomcat.ssl.enable=true
tomcat.ssl.fullyqualified.hostname=localhost.nci.nih.gov
tomcat.ssl.keystore.alias=ncicb-test-ssl-key
tomcat.ssl.keystore.dir=C\:\\Users\\Harsh\\workspace\\pro-ctcae\\software\\target\\dist\\exploded\\common\\resources\\security
tomcat.ssl.keystore.file=ncicb-test-ssl.keystore
tomcat.ssl.keystore.location=common/resources/security/ncicb-test-ssl.keystore
tomcat.ssl.keystore.pass=ncicb1\!
tomcat.version.max=6.999.999
tomcat.version.min=5.0.0
tools.dir=C\:\\Users\\Harsh\\workspace\\pro-ctcae\\software\\target\\dist\\exploded\\tools
tools.dist.relative.dir=tools
user.country=US
user.dir=C\:\\Users\\Harsh\\workspace\\pro-ctcae\\software\\target\\dist\\exploded
user.home=C\:\\Users\\Harsh
user.language=en
user.name=Harsh
user.timezone=
user.variant=
working.dir=C\:\\Users\\Harsh\\workspace\\pro-ctcae\\software\\target\\dist\\exploded\\working
     [echo] Validating Ant version...
     [echo] Ant Version: PASSED
     [echo] Validating Java version...
     [echo] Java version check: WARNING, version is not 1.5.0_10
     [echo] Java version check: PASSED
     [echo] Not running as root.
[propertyvalidator] Exclude Pattern List::tomcat.*,jboss.*,grid.*
[propertyvalidator] Excluding Pattern :tomcat.*
[propertyvalidator] Excluding Pattern :jboss.*
[propertyvalidator] Excluding Pattern :grid.*
[propertyvalidator] Excluding Pattern :tomcat.*
[propertyvalidator] Excluding Pattern :jboss.*
[propertyvalidator] Excluding Pattern :grid.*
[propertyvalidator] Excluding Pattern :tomcat.*
[propertyvalidator] Excluding Pattern :jboss.*
[propertyvalidator] Excluding Pattern :grid.*
[propertyvalidator] Excluding Pattern :tomcat.*
[propertyvalidator] Excluding Pattern :jboss.*
[propertyvalidator] Excluding Pattern :grid.*
[propertyvalidator] Excluding Pattern :tomcat.*
[propertyvalidator] Excluding Pattern :jboss.*
[propertyvalidator] Excluding Pattern :grid.*
[propertyvalidator] Excluding Pattern :tomcat.*
[propertyvalidator] Excluding Pattern :jboss.*
[propertyvalidator] Excluding Pattern :grid.*
[propertyvalidator] Excluding Pattern :tomcat.*
[propertyvalidator] Excluding Pattern :jboss.*
[propertyvalidator] Excluding Pattern :grid.*
[propertyvalidator] Excluding Pattern :tomcat.*
[propertyvalidator] Excluding Pattern :jboss.*
[propertyvalidator] Excluding Pattern :grid.*
[propertyvalidator] Excluding Pattern :tomcat.*
[propertyvalidator] Excluding Pattern :jboss.*
[propertyvalidator] Excluding Pattern :grid.*
[propertyvalidator] Excluding Pattern :tomcat.*
[propertyvalidator] Excluding Pattern :jboss.*
[propertyvalidator] Excluding Pattern :grid.*
[propertyvalidator] Excluding Pattern :tomcat.*
[propertyvalidator] Excluding Pattern :jboss.*
[propertyvalidator] Excluding Pattern :grid.*
[propertyvalidator] Excluding Pattern :tomcat.*
[propertyvalidator] Excluding Pattern :jboss.*
[propertyvalidator] Excluding Pattern :grid.*
[propertyvalidator] Excluding Pattern :tomcat.*
[propertyvalidator] Excluding Pattern :jboss.*
[propertyvalidator] Excluding Pattern :grid.*
[propertyvalidator] Excluding Pattern :tomcat.*
[propertyvalidator] Excluding Pattern :jboss.*
[propertyvalidator] Excluding Pattern :grid.*
[propertyvalidator] Excess key(s) in environment file install.properties

[propertyvalidator] DSTAMP TODAY TSTAMP ant.core.lib ant.file ant.file.bda-utils ant.file.proctcae-installer ant.home ant.java.version ant.library.dir ant.minimum.version ant.project.name ant.version ant.version.success antunit.jar application.base.path application.base.path.linux application.base.path.windows application.context.name authentication.type awt.toolkit basedir bda-utils.dir bda-utils.resource.dir bda.version build.bda.src.url cacore-sdk.binaries.file cacore-sdk.binaries.relative.dir cacore-sdk.required cacore-sdk.src.url checkstyle.revision.number common.dir.dest common.dir.src common.dist.relative.dir database.dialect database.driver database.driver.file database.re-create database.release.version database.schema database.system.password database.system.url database.system.user db-install.dir.dest db-install.dist.relative.dir db-upgrade.dir.dest db-upgrade.dist.relative.dir db.dir.dest db.dir.src db.dist.relative.dir db.install.create.mysql.file.list db.install.create.oracle.file.list db.install.create.postgresql.file.list env.ALLUSERSPROFILE env.ANT_CMD_LINE_ARGS env.ANT_HOME env.APPDATA env.APR_ICONV_PATH env.COMPUTERNAME env.ComSpec env.CommonProgramFiles env.DFSTRACINGON env.FP_NO_HOST_CHECK env.HOMEDRIVE env.HOMEPATH env.JAVA_HOME env.LOCALAPPDATA env.LOGONSERVER env.NUMBER_OF_PROCESSORS env.ODI_JAVA_HOME env.ORACLE_HOME env.ORACLE_SID env.OS env.PATHEXT env.PROCESSOR_ARCHITECTURE env.PROCESSOR_IDENTIFIER env.PROCESSOR_LEVEL env.PROCESSOR_REVISION env.PROMPT env.PUBLIC env.Path env.ProgramData env.ProgramFiles env.S env.SESSIONNAME env.SystemDrive env.SystemRoot env.TEMP env.TMP env.TRACE_FORMAT_SEARCH_PATH env.USERDOMAIN env.USERNAME env.USERPROFILE env._JAVACMD env._USE_CLASSPATH env.name env.windir exclude.access-logs exclude.tomcat.backup file.encoding file.encoding.pkg file.separator findbugs.binaries.file findbugs.binaries.relative.dir findbugs.src.url force.reinstall fs-data.base.dir install-logs.dir install.running install.time ivy.bda.settings.src.url ivy.bda.src.url java.awt.graphicsenv java.awt.printerjob java.class.path java.class.version java.endorsed.dirs java.ext.dirs java.home java.io.tmpdir java.library.path java.major.version java.major.version.good java.minor.version java.runtime.name java.runtime.version java.specification.name java.specification.vendor java.specification.version java.vendor java.vendor.url java.vendor.url.bug java.version java.vm.info java.vm.name java.vm.specification.name java.vm.specification.vendor java.vm.specification.version java.vm.vendor java.vm.version jboss.home jboss.version.max jboss.version.min ldap.basedn ldap.url line.separator log.dir log4j.level log4j.maxDays log4j.maxFileSize mail.smtp.server mysql.lowercasetablenames mysql.minimum.version os.arch os.name os.temp.dir os.version path.separator pmd.revision.number proctcae-api.dist.relative.dir proctcae-templates.dir.dist proctcae-templates.dist.relative.dir proctcae-webapp.dir.dist proctcae-webapp.dist.relative.dir proctcae-webapp.ds.file proctcae-webapp.install.name proctcae-webapp.install.zip.file proctcae-webapp.name proctcae-webapp.upgrade.name proctcae-webapp.upgrade.zip.file proctcae-webapp.version proctcae-webapp.war.file project.name properties.file properties.file.exists properties.template.file require.build.wscore run.date security.dist.relative.dir software.dir sun.arch.data.model sun.boot.class.path sun.boot.library.path sun.cpu.endian sun.cpu.isalist sun.desktop sun.io.unicode.encoding sun.java.launcher sun.jnu.encoding sun.management.compiler sun.os.patch.level sync-gts.binaries.file sync-gts.binaries.relative.dir sync-gts.dist.relative.dir temp.dir template.dbintegrate.file tomcat.application.url tomcat.binaries.file tomcat.binaries.relative.dir tomcat.external.http.host tomcat.external.http.port tomcat.external.ssl.host tomcat.external.ssl.port tomcat.grid.secure.cert.file tomcat.grid.secure.dir tomcat.grid.secure.key.file tomcat.relative.path tomcat.sock.ports tomcat.src.url tomcat.ssl.fullyqualified.hostname tomcat.ssl.keystore.alias tomcat.ssl.keystore.dir tomcat.ssl.keystore.file tomcat.ssl.keystore.location tomcat.ssl.keystore.pass tomcat.version.max tomcat.version.min tools.dir tools.dist.relative.dir user.country user.dir user.home user.language user.name user.timezone user.variant working.dir 
     [echo] application.base.path is an absolute path.
     [echo] Environment name validated as local
     [copy] Copying 1 file to c:\temp\proctcae
   [groovy] Checking all properties values who's name contains password to ensure they do not have invalid characters
   [groovy] 
   [groovy] Invalid password characters are $ and [&, <, >, ", ']
   [groovy] database.system.password contains 'password'
   [groovy] Password for 'database.system.password' does not contain any invalid characters
   [groovy] 
   [groovy] database.password contains 'password'
   [groovy] Password for 'database.password' does not contain any invalid characters
   [groovy] 

install:tomcat:validation:pre-install:
[propertyvalidator] Exclude Pattern List::jboss.*,authentication.type
[propertyvalidator] Excluding Pattern :jboss.*
[propertyvalidator] Excluding Pattern :authentication.type
[propertyvalidator] Excluding Pattern :jboss.*
[propertyvalidator] Excluding Pattern :authentication.type
[propertyvalidator] Excluding Pattern :jboss.*
[propertyvalidator] Excluding Pattern :authentication.type
[propertyvalidator] Excluding Pattern :jboss.*
[propertyvalidator] Excluding Pattern :authentication.type
[propertyvalidator] Excluding Pattern :jboss.*
[propertyvalidator] Excluding Pattern :authentication.type
[propertyvalidator] Excluding Pattern :jboss.*
[propertyvalidator] Excluding Pattern :authentication.type
[propertyvalidator] Excluding Pattern :jboss.*
[propertyvalidator] Excluding Pattern :authentication.type
[propertyvalidator] Excluding Pattern :jboss.*
[propertyvalidator] Excluding Pattern :authentication.type
[propertyvalidator] Excluding Pattern :jboss.*
[propertyvalidator] Excluding Pattern :authentication.type
[propertyvalidator] Excluding Pattern :jboss.*
[propertyvalidator] Excluding Pattern :authentication.type
[propertyvalidator] Excluding Pattern :jboss.*
[propertyvalidator] Excluding Pattern :authentication.type
[propertyvalidator] Excluding Pattern :jboss.*
[propertyvalidator] Excluding Pattern :authentication.type
[propertyvalidator] Excluding Pattern :jboss.*
[propertyvalidator] Excluding Pattern :authentication.type
[propertyvalidator] Excluding Pattern :jboss.*
[propertyvalidator] Excluding Pattern :authentication.type
[propertyvalidator] Excess key(s) in environment file install.properties

[propertyvalidator] DSTAMP TODAY TSTAMP ant.core.lib ant.file ant.file.bda-utils ant.file.proctcae-installer ant.home ant.java.version ant.library.dir ant.minimum.version ant.project.name ant.version ant.version.success antunit.jar application.base.path application.base.path.linux application.base.path.windows application.context.name authentication.type awt.toolkit basedir bda-utils.dir bda-utils.resource.dir bda.version build.bda.src.url cacore-sdk.binaries.file cacore-sdk.binaries.relative.dir cacore-sdk.required cacore-sdk.src.url checkstyle.revision.number common.dir.dest common.dir.src common.dist.relative.dir database.dialect database.driver database.driver.file database.re-create database.release.version database.schema database.system.password database.system.url database.system.user db-install.dir.dest db-install.dist.relative.dir db-upgrade.dir.dest db-upgrade.dist.relative.dir db.dir.dest db.dir.src db.dist.relative.dir db.install.create.mysql.file.list db.install.create.oracle.file.list db.install.create.postgresql.file.list directory.value env.ALLUSERSPROFILE env.ANT_CMD_LINE_ARGS env.ANT_HOME env.APPDATA env.APR_ICONV_PATH env.COMPUTERNAME env.ComSpec env.CommonProgramFiles env.DFSTRACINGON env.FP_NO_HOST_CHECK env.HOMEDRIVE env.HOMEPATH env.JAVA_HOME env.LOCALAPPDATA env.LOGONSERVER env.NUMBER_OF_PROCESSORS env.ODI_JAVA_HOME env.ORACLE_HOME env.ORACLE_SID env.OS env.PATHEXT env.PROCESSOR_ARCHITECTURE env.PROCESSOR_IDENTIFIER env.PROCESSOR_LEVEL env.PROCESSOR_REVISION env.PROMPT env.PUBLIC env.Path env.ProgramData env.ProgramFiles env.S env.SESSIONNAME env.SystemDrive env.SystemRoot env.TEMP env.TMP env.TRACE_FORMAT_SEARCH_PATH env.USERDOMAIN env.USERNAME env.USERPROFILE env._JAVACMD env._USE_CLASSPATH env.name env.windir exclude.access-logs exclude.tomcat.backup file.encoding file.encoding.pkg file.separator findbugs.binaries.file findbugs.binaries.relative.dir findbugs.src.url force.reinstall fs-data.base.dir install-logs.dir install.running install.time is.absolute.dir ivy.bda.settings.src.url ivy.bda.src.url java.awt.graphicsenv java.awt.printerjob java.class.path java.class.version java.endorsed.dirs java.ext.dirs java.home java.io.tmpdir java.library.path java.major.version java.major.version.good java.minor.version java.runtime.name java.runtime.version java.specification.name java.specification.vendor java.specification.version java.vendor java.vendor.url java.vendor.url.bug java.version java.vm.info java.vm.name java.vm.specification.name java.vm.specification.vendor java.vm.specification.version java.vm.vendor java.vm.version jboss.home jboss.version.max jboss.version.min ldap.basedn ldap.url line.separator log.dir log4j.level log4j.maxDays log4j.maxFileSize mail.smtp.server mysql.lowercasetablenames mysql.minimum.version os.arch os.name os.temp.dir os.version path.separator pmd.revision.number proctcae-api.dist.relative.dir proctcae-templates.dir.dist proctcae-templates.dist.relative.dir proctcae-webapp.dir.dist proctcae-webapp.dist.relative.dir proctcae-webapp.ds.file proctcae-webapp.install.name proctcae-webapp.install.zip.file proctcae-webapp.name proctcae-webapp.upgrade.name proctcae-webapp.upgrade.zip.file proctcae-webapp.version proctcae-webapp.war.file project.name properties.file properties.file.exists properties.template.file require.build.wscore run.date security.dist.relative.dir software.dir sun.arch.data.model sun.boot.class.path sun.boot.library.path sun.cpu.endian sun.cpu.isalist sun.desktop sun.io.unicode.encoding sun.java.launcher sun.jnu.encoding sun.management.compiler sun.os.patch.level sync-gts.binaries.file sync-gts.binaries.relative.dir sync-gts.dist.relative.dir temp.dir template.dbintegrate.file tomcat.application.url tomcat.binaries.file tomcat.binaries.relative.dir tomcat.external.http.host tomcat.external.http.port tomcat.external.ssl.host tomcat.external.ssl.port tomcat.grid.secure.cert.file tomcat.grid.secure.dir tomcat.grid.secure.key.file tomcat.relative.path tomcat.sock.ports tomcat.src.url tomcat.ssl.fullyqualified.hostname tomcat.ssl.keystore.alias tomcat.ssl.keystore.dir tomcat.ssl.keystore.file tomcat.ssl.keystore.location tomcat.ssl.keystore.pass tomcat.version.max tomcat.version.min tools.dir tools.dist.relative.dir user.country user.dir user.home user.language user.name user.timezone user.variant working.dir 
     [echo] checking jboss version - ${jboss.version.check}.
     [echo] checking tomcat version - 5.5.27.
     [echo] Validating keystore file
     [echo] os.family=windows
     [echo] 'C:\Users\Harsh\workspace\pro-ctcae\software\target\dist\exploded\common\resources\security' 'ncicb-test-ssl.keystore'
     [copy] Copying 1 file to c:\tmp\proctcae
     [echo] debug - 0 Alias name: ncicb-test-ssl-key
Creation date: Dec 9, 2008
Entry type: keyEntry
Certificate chain length: 1
Certificate[1]:
Owner: CN=*.nci.nih.gov, OU=National Cancer Institute, O=National Institute of Health, L=Rockville, ST=Maryland, C=US
Issuer: CN=*.nci.nih.gov, OU=National Cancer Institute, O=National Institute of Health, L=Rockville, ST=Maryland, C=US
Serial number: 493ef536
Valid from: Tue Dec 09 17:46:14 EST 2008 until: Fri Dec 07 17:46:14 EST 2018
Certificate fingerprints:
	 MD5:  8B:C0:E0:FB:7F:BE:A0:89:56:9E:4C:3D:CB:ED:B0:39
	 SHA1: CC:EE:CB:F7:BC:BD:E6:79:0D:67:73:3E:42:63:F2:F8:0C:1F:5E:36 

install:tomcat:stop:
     [echo] Shutting down tomcat
     [echo] Stopping Tomcat instance at c:/apps/proctcae-webapp/apache-tomcat-5.5.27

install:tomcat:validation:pre-install:ports:
     [echo] Validationg Ports Are not in use...

install:tomcat:clean:
   [delete] Deleting directory c:\apps\proctcae-webapp\apache-tomcat-5.5.27

install:tomcat:binaries:
    [unzip] Expanding: C:\Users\Harsh\workspace\pro-ctcae\software\target\dist\exploded\tools\apache-tomcat-5.5.27.zip into c:\apps\proctcae-webapp

install:tomcat:configure:
     [echo] Configuring datasource for jboss
     [echo] Not configuring tomcat datasource because database.jndi.datasource.name is not set
     [echo] Securing tomcat app server
     [echo] Install JBoss SSL configurations
     [copy] Copying 1 file to c:\apps\proctcae-webapp\apache-tomcat-5.5.27\conf
     [echo] Configuring tomcat proxy settings for ssl
     [copy] Copying 1 file to c:\apps\proctcae-webapp\apache-tomcat-5.5.27\conf
     [echo] Grid External Host Name not set so doing nothing
     [echo] Configuring tomcat proxy settings for http
     [echo] Grid External Host Name not set so doing nothing
     [echo] Updating Tomcat Ports
     [echo] Skipping configuration of GRID on Tomcat
     [echo] Skipping configuring access logs for tomcat because exclude.access-logs is set.

install:tomcat:proctcae-webapp:re-configure:

install:tomcat:proctcae-webapp:
   [delete] Deleting directory c:\apps\proctcae-webapp\apache-tomcat-5.5.27\temp
   [delete] Deleting directory c:\apps\proctcae-webapp\apache-tomcat-5.5.27\work
     [copy] Copying 1 file to c:\apps\proctcae-webapp\apache-tomcat-5.5.27\webapps
     [copy] Copying 1 file to c:\apps\proctcae-webapp\apache-tomcat-5.5.27\common\lib

install:tomcat:proctcae-webapp:configure:

install:post:tomcat:proctcae:config:
    [mkdir] Created dir: c:\apps\proctcae-webapp\apache-tomcat-5.5.27\conf\proctcae
    [mkdir] Created dir: c:\apps\proctcae-webapp\apache-tomcat-5.5.27\conf\cabig
     [copy] Copying 1 file to c:\apps\proctcae-webapp\apache-tomcat-5.5.27\conf\proctcae
     [echo] Using properties file of install.properties.
    [mkdir] Created dir: C:\Users\Harsh\workspace\pro-ctcae\software\target\dist\exploded\working\temp
   [delete] Deleting directory C:\Users\Harsh\workspace\pro-ctcae\software\target\dist\exploded\working
    [mkdir] Created dir: C:\Users\Harsh\workspace\pro-ctcae\software\target\dist\exploded\working

proctcae:datasource:properties:config:

install:post:tomcat:

install:tomcat:start:
     [echo] Starting Tomcat instance at c:/apps/proctcae-webapp/apache-tomcat-5.5.27
     [echo] executing C:\Users\Harsh\workspace\pro-ctcae\software\target\dist\exploded\bda-utils/resource/psexec.exe

install:tomcat:validation:post-install:
     [echo] Waiting for http://localhost:22080/proctcae to respond.
     [echo] ******* INSTALLATION COMPLETED SUCESSFULLY *******
     [echo] 
To view your application goto http://localhost:22080/proctcae.

install:tomcat:

install:

BUILD SUCCESSFUL
